<?xml version="1.0" encoding="UTF-8"?>
<testng-results ignored="0" total="13" passed="10" failed="3" skipped="0">
  <reporter-output>
  </reporter-output>
  <suite started-at="2022-04-14T00:56:46 IST" name="Default suite" finished-at="2022-04-14T01:00:31 IST" duration-ms="224414">
    <groups>
    </groups>
    <test started-at="2022-04-14T00:56:46 IST" name="Default test" finished-at="2022-04-14T01:00:31 IST" duration-ms="224414">
      <class name="project.OpenCart_Demo">
        <test-method is-config="true" signature="beforeTest()[pri:0, instance:project.OpenCart_Demo@1de76cc7]" started-at="2022-04-14T00:56:46 IST" name="beforeTest" finished-at="2022-04-14T00:57:01 IST" duration-ms="15010" status="PASS">
          <reporter-output>
          </reporter-output>
        </test-method> <!-- beforeTest -->
        <test-method signature="Login()[pri:1, instance:project.OpenCart_Demo@1de76cc7]" started-at="2022-04-14T00:57:02 IST" name="Login" finished-at="2022-04-14T00:57:13 IST" duration-ms="11619" status="PASS">
          <reporter-output>
          </reporter-output>
        </test-method> <!-- Login -->
        <test-method signature="SmokeTesting()[pri:2, instance:project.OpenCart_Demo@1de76cc7]" started-at="2022-04-14T00:57:13 IST" name="SmokeTesting" finished-at="2022-04-14T00:57:29 IST" duration-ms="15822" status="PASS">
          <reporter-output>
          </reporter-output>
        </test-method> <!-- SmokeTesting -->
        <test-method signature="MyAccount()[pri:3, instance:project.OpenCart_Demo@1de76cc7]" started-at="2022-04-14T00:57:29 IST" name="MyAccount" finished-at="2022-04-14T00:57:37 IST" duration-ms="7926" status="FAIL">
          <exception class="org.openqa.selenium.InvalidSelectorException">
            <message>
              <![CDATA[Compound class names not permitted
For documentation on this error, please visit: https://selenium.dev/exceptions/#invalid_selector_exception
Build info: version: '4.1.0', revision: '87802e897b'
System info: host: 'DESKTOP-8QEQOGV', ip: '192.168.1.8', os.name: 'Windows 10', os.arch: 'amd64', os.version: '10.0', java.version: '17.0.1'
Driver info: driver.version: unknown]]>
            </message>
            <full-stacktrace>
              <![CDATA[org.openqa.selenium.InvalidSelectorException: Compound class names not permitted
For documentation on this error, please visit: https://selenium.dev/exceptions/#invalid_selector_exception
Build info: version: '4.1.0', revision: '87802e897b'
System info: host: 'DESKTOP-8QEQOGV', ip: '192.168.1.8', os.name: 'Windows 10', os.arch: 'amd64', os.version: '10.0', java.version: '17.0.1'
Driver info: driver.version: unknown
at org.openqa.selenium.By$ByClassName.<init>(By.java:310)
at org.openqa.selenium.By.className(By.java:100)
at project.OpenCart_Demo.MyAccount(OpenCart_Demo.java:80)
at java.base/jdk.internal.reflect.NativeMethodAccessorImpl.invoke0(Native Method)
at java.base/jdk.internal.reflect.NativeMethodAccessorImpl.invoke(NativeMethodAccessorImpl.java:77)
at java.base/jdk.internal.reflect.DelegatingMethodAccessorImpl.invoke(DelegatingMethodAccessorImpl.java:43)
at java.base/java.lang.reflect.Method.invoke(Method.java:568)
at org.testng.internal.MethodInvocationHelper.invokeMethod(MethodInvocationHelper.java:133)
at org.testng.internal.TestInvoker.invokeMethod(TestInvoker.java:598)
at org.testng.internal.TestInvoker.invokeTestMethod(TestInvoker.java:173)
at org.testng.internal.MethodRunner.runInSequence(MethodRunner.java:46)
at org.testng.internal.TestInvoker$MethodInvocationAgent.invoke(TestInvoker.java:824)
at org.testng.internal.TestInvoker.invokeTestMethods(TestInvoker.java:146)
at org.testng.internal.TestMethodWorker.invokeTestMethods(TestMethodWorker.java:146)
at org.testng.internal.TestMethodWorker.run(TestMethodWorker.java:128)
at java.base/java.util.ArrayList.forEach(ArrayList.java:1511)
at org.testng.TestRunner.privateRun(TestRunner.java:794)
at org.testng.TestRunner.run(TestRunner.java:596)
at org.testng.SuiteRunner.runTest(SuiteRunner.java:377)
at org.testng.SuiteRunner.runSequentially(SuiteRunner.java:371)
at org.testng.SuiteRunner.privateRun(SuiteRunner.java:332)
at org.testng.SuiteRunner.run(SuiteRunner.java:276)
at org.testng.SuiteRunnerWorker.runSuite(SuiteRunnerWorker.java:53)
at org.testng.SuiteRunnerWorker.run(SuiteRunnerWorker.java:96)
at org.testng.TestNG.runSuitesSequentially(TestNG.java:1212)
at org.testng.TestNG.runSuitesLocally(TestNG.java:1134)
at org.testng.TestNG.runSuites(TestNG.java:1063)
at org.testng.TestNG.run(TestNG.java:1031)
at org.testng.remote.AbstractRemoteTestNG.run(AbstractRemoteTestNG.java:115)
at org.testng.remote.RemoteTestNG.initAndRun(RemoteTestNG.java:251)
at org.testng.remote.RemoteTestNG.main(RemoteTestNG.java:77)
]]>
            </full-stacktrace>
          </exception> <!-- org.openqa.selenium.InvalidSelectorException -->
          <reporter-output>
          </reporter-output>
        </test-method> <!-- MyAccount -->
        <test-method signature="desktop()[pri:4, instance:project.OpenCart_Demo@1de76cc7]" started-at="2022-04-14T00:57:37 IST" name="desktop" finished-at="2022-04-14T00:58:19 IST" duration-ms="41720" status="PASS">
          <reporter-output>
          </reporter-output>
        </test-method> <!-- desktop -->
        <test-method signature="laptopsAndNotebooks()[pri:5, instance:project.OpenCart_Demo@1de76cc7]" started-at="2022-04-14T00:58:19 IST" name="laptopsAndNotebooks" finished-at="2022-04-14T00:58:45 IST" duration-ms="26790" status="PASS">
          <reporter-output>
          </reporter-output>
        </test-method> <!-- laptopsAndNotebooks -->
        <test-method signature="components()[pri:6, instance:project.OpenCart_Demo@1de76cc7]" started-at="2022-04-14T00:58:45 IST" name="components" finished-at="2022-04-14T00:59:02 IST" duration-ms="17030" status="PASS">
          <reporter-output>
          </reporter-output>
        </test-method> <!-- components -->
        <test-method signature="tablets()[pri:7, instance:project.OpenCart_Demo@1de76cc7]" started-at="2022-04-14T00:59:02 IST" name="tablets" finished-at="2022-04-14T00:59:12 IST" duration-ms="9257" status="PASS">
          <reporter-output>
          </reporter-output>
        </test-method> <!-- tablets -->
        <test-method signature="software()[pri:8, instance:project.OpenCart_Demo@1de76cc7]" started-at="2022-04-14T00:59:12 IST" name="software" finished-at="2022-04-14T00:59:12 IST" duration-ms="33" status="FAIL">
          <exception class="org.openqa.selenium.UnhandledAlertException">
            <message>
              <![CDATA[unexpected alert open: {Alert text : SyntaxError: Unexpected token < in JSON at position 0
parsererror
<b>Warning</b>: unlink(/home/ocdemo/storage/cache/cache.catalog.language.1649881751): No such file or directory in <b>/home/ocdemo/public_html/system/library/cache/file.php</b> on line <b>68</b>{"success":"Success: You have added <a href=\"https:\/\/demo.opencart.com\/index.php?route=product\/product&amp;product_id=49\">Samsung Galaxy Tab 10.1<\/a> to your <a href=\"https:\/\/demo.opencart.com\/index.php?route=checkout\/cart\">shopping cart<\/a>!","total":"68668195 item(s) - $6,881,825,358.45"}}
  (Session info: chrome=100.0.4896.75): SyntaxError: Unexpected token < in JSON at position 0
parsererror
<b>Warning</b>: unlink(/home/ocdemo/storage/cache/cache.catalog.language.1649881751): No such file or directory in <b>/home/ocdemo/public_html/system/library/cache/file.php</b> on line <b>68</b>{"success":"Success: You have added <a href=\"https:\/\/demo.opencart.com\/index.php?route=product\/product&amp;product_id=49\">Samsung Galaxy Tab 10.1<\/a> to your <a href=\"https:\/\/demo.opencart.com\/index.php?route=checkout\/cart\">shopping cart<\/a>!","total":"68668195 item(s) - $6,881,825,358.45"}
Build info: version: '4.1.0', revision: '87802e897b'
System info: host: 'DESKTOP-8QEQOGV', ip: '192.168.1.8', os.name: 'Windows 10', os.arch: 'amd64', os.version: '10.0', java.version: '17.0.1'
Driver info: org.openqa.selenium.chrome.ChromeDriver
Command: [006f3e462f8a516ccd414c91db2ea22b, findElement {using=xpath, value=//*[@id="menu"]/div[2]/ul/li[5]/a}]
Capabilities {acceptInsecureCerts: false, browserName: chrome, browserVersion: 100.0.4896.75, chrome: {chromedriverVersion: 99.0.4844.51 (d537ec02474b5..., userDataDir: C:\Users\vishnu\AppData\Loc...}, goog:chromeOptions: {debuggerAddress: localhost:61338}, javascriptEnabled: true, networkConnectionEnabled: false, pageLoadStrategy: normal, platform: WINDOWS, platformName: WINDOWS, proxy: Proxy(), se:cdp: ws://localhost:61338/devtoo..., se:cdpVersion: 100.0.4896.75, setWindowRect: true, strictFileInteractability: false, timeouts: {implicit: 0, pageLoad: 300000, script: 30000}, unhandledPromptBehavior: dismiss and notify, webauthn:extension:credBlob: true, webauthn:extension:largeBlob: true, webauthn:virtualAuthenticators: true}
Session ID: 006f3e462f8a516ccd414c91db2ea22b]]>
            </message>
            <full-stacktrace>
              <![CDATA[org.openqa.selenium.UnhandledAlertException: unexpected alert open: {Alert text : SyntaxError: Unexpected token < in JSON at position 0
parsererror
<b>Warning</b>: unlink(/home/ocdemo/storage/cache/cache.catalog.language.1649881751): No such file or directory in <b>/home/ocdemo/public_html/system/library/cache/file.php</b> on line <b>68</b>{"success":"Success: You have added <a href=\"https:\/\/demo.opencart.com\/index.php?route=product\/product&amp;product_id=49\">Samsung Galaxy Tab 10.1<\/a> to your <a href=\"https:\/\/demo.opencart.com\/index.php?route=checkout\/cart\">shopping cart<\/a>!","total":"68668195 item(s) - $6,881,825,358.45"}}
  (Session info: chrome=100.0.4896.75): SyntaxError: Unexpected token < in JSON at position 0
parsererror
<b>Warning</b>: unlink(/home/ocdemo/storage/cache/cache.catalog.language.1649881751): No such file or directory in <b>/home/ocdemo/public_html/system/library/cache/file.php</b> on line <b>68</b>{"success":"Success: You have added <a href=\"https:\/\/demo.opencart.com\/index.php?route=product\/product&amp;product_id=49\">Samsung Galaxy Tab 10.1<\/a> to your <a href=\"https:\/\/demo.opencart.com\/index.php?route=checkout\/cart\">shopping cart<\/a>!","total":"68668195 item(s) - $6,881,825,358.45"}
Build info: version: '4.1.0', revision: '87802e897b'
System info: host: 'DESKTOP-8QEQOGV', ip: '192.168.1.8', os.name: 'Windows 10', os.arch: 'amd64', os.version: '10.0', java.version: '17.0.1'
Driver info: org.openqa.selenium.chrome.ChromeDriver
Command: [006f3e462f8a516ccd414c91db2ea22b, findElement {using=xpath, value=//*[@id="menu"]/div[2]/ul/li[5]/a}]
Capabilities {acceptInsecureCerts: false, browserName: chrome, browserVersion: 100.0.4896.75, chrome: {chromedriverVersion: 99.0.4844.51 (d537ec02474b5..., userDataDir: C:\Users\vishnu\AppData\Loc...}, goog:chromeOptions: {debuggerAddress: localhost:61338}, javascriptEnabled: true, networkConnectionEnabled: false, pageLoadStrategy: normal, platform: WINDOWS, platformName: WINDOWS, proxy: Proxy(), se:cdp: ws://localhost:61338/devtoo..., se:cdpVersion: 100.0.4896.75, setWindowRect: true, strictFileInteractability: false, timeouts: {implicit: 0, pageLoad: 300000, script: 30000}, unhandledPromptBehavior: dismiss and notify, webauthn:extension:credBlob: true, webauthn:extension:largeBlob: true, webauthn:virtualAuthenticators: true}
Session ID: 006f3e462f8a516ccd414c91db2ea22b
at org.openqa.selenium.remote.codec.w3c.W3CHttpResponseCodec.decode(W3CHttpResponseCodec.java:131)
at org.openqa.selenium.remote.codec.w3c.W3CHttpResponseCodec.decode(W3CHttpResponseCodec.java:53)
at org.openqa.selenium.remote.HttpCommandExecutor.execute(HttpCommandExecutor.java:184)
at org.openqa.selenium.remote.service.DriverCommandExecutor.invokeExecute(DriverCommandExecutor.java:164)
at org.openqa.selenium.remote.service.DriverCommandExecutor.execute(DriverCommandExecutor.java:139)
at org.openqa.selenium.remote.RemoteWebDriver.execute(RemoteWebDriver.java:559)
at org.openqa.selenium.remote.ElementLocation$ElementFinder$2.findElement(ElementLocation.java:162)
at org.openqa.selenium.remote.ElementLocation.findElement(ElementLocation.java:60)
at org.openqa.selenium.remote.RemoteWebDriver.findElement(RemoteWebDriver.java:383)
at org.openqa.selenium.remote.RemoteWebDriver.findElement(RemoteWebDriver.java:375)
at project.OpenCart_Demo.software(OpenCart_Demo.java:320)
at java.base/jdk.internal.reflect.NativeMethodAccessorImpl.invoke0(Native Method)
at java.base/jdk.internal.reflect.NativeMethodAccessorImpl.invoke(NativeMethodAccessorImpl.java:77)
at java.base/jdk.internal.reflect.DelegatingMethodAccessorImpl.invoke(DelegatingMethodAccessorImpl.java:43)
at java.base/java.lang.reflect.Method.invoke(Method.java:568)
at org.testng.internal.MethodInvocationHelper.invokeMethod(MethodInvocationHelper.java:133)
at org.testng.internal.TestInvoker.invokeMethod(TestInvoker.java:598)
at org.testng.internal.TestInvoker.invokeTestMethod(TestInvoker.java:173)
at org.testng.internal.MethodRunner.runInSequence(MethodRunner.java:46)
at org.testng.internal.TestInvoker$MethodInvocationAgent.invoke(TestInvoker.java:824)
at org.testng.internal.TestInvoker.invokeTestMethods(TestInvoker.java:146)
at org.testng.internal.TestMethodWorker.invokeTestMethods(TestMethodWorker.java:146)
at org.testng.internal.TestMethodWorker.run(TestMethodWorker.java:128)
at java.base/java.util.ArrayList.forEach(ArrayList.java:1511)
at org.testng.TestRunner.privateRun(TestRunner.java:794)
at org.testng.TestRunner.run(TestRunner.java:596)
at org.testng.SuiteRunner.runTest(SuiteRunner.java:377)
at org.testng.SuiteRunner.runSequentially(SuiteRunner.java:371)
at org.testng.SuiteRunner.privateRun(SuiteRunner.java:332)
at org.testng.SuiteRunner.run(SuiteRunner.java:276)
at org.testng.SuiteRunnerWorker.runSuite(SuiteRunnerWorker.java:53)
at org.testng.SuiteRunnerWorker.run(SuiteRunnerWorker.java:96)
at org.testng.TestNG.runSuitesSequentially(TestNG.java:1212)
at org.testng.TestNG.runSuitesLocally(TestNG.java:1134)
at org.testng.TestNG.runSuites(TestNG.java:1063)
at org.testng.TestNG.run(TestNG.java:1031)
at org.testng.remote.AbstractRemoteTestNG.run(AbstractRemoteTestNG.java:115)
at org.testng.remote.RemoteTestNG.initAndRun(RemoteTestNG.java:251)
at org.testng.remote.RemoteTestNG.main(RemoteTestNG.java:77)
]]>
            </full-stacktrace>
          </exception> <!-- org.openqa.selenium.UnhandledAlertException -->
          <reporter-output>
          </reporter-output>
        </test-method> <!-- software -->
        <test-method signature="phonesAndPDAS()[pri:9, instance:project.OpenCart_Demo@1de76cc7]" started-at="2022-04-14T00:59:12 IST" name="phonesAndPDAS" finished-at="2022-04-14T00:59:12 IST" duration-ms="32" status="FAIL">
          <exception class="org.openqa.selenium.UnhandledAlertException">
            <message>
              <![CDATA[unexpected alert open: {Alert text : SyntaxError: Unexpected token < in JSON at position 0
parsererror
<b>Warning</b>: unlink(/home/ocdemo/storage/cache/cache.catalog.language.1649881751): No such file or directory in <b>/home/ocdemo/public_html/system/library/cache/file.php</b> on line <b>68</b>{"success":"Success: You have added <a href=\"https:\/\/demo.opencart.com\/index.php?route=product\/product&amp;product_id=49\">Samsung Galaxy Tab 10.1<\/a> to your <a href=\"https:\/\/demo.opencart.com\/index.php?route=checkout\/cart\">shopping cart<\/a>!","total":"68668195 item(s) - $6,881,825,358.45"}}
  (Session info: chrome=100.0.4896.75): SyntaxError: Unexpected token < in JSON at position 0
parsererror
<b>Warning</b>: unlink(/home/ocdemo/storage/cache/cache.catalog.language.1649881751): No such file or directory in <b>/home/ocdemo/public_html/system/library/cache/file.php</b> on line <b>68</b>{"success":"Success: You have added <a href=\"https:\/\/demo.opencart.com\/index.php?route=product\/product&amp;product_id=49\">Samsung Galaxy Tab 10.1<\/a> to your <a href=\"https:\/\/demo.opencart.com\/index.php?route=checkout\/cart\">shopping cart<\/a>!","total":"68668195 item(s) - $6,881,825,358.45"}
Build info: version: '4.1.0', revision: '87802e897b'
System info: host: 'DESKTOP-8QEQOGV', ip: '192.168.1.8', os.name: 'Windows 10', os.arch: 'amd64', os.version: '10.0', java.version: '17.0.1'
Driver info: org.openqa.selenium.chrome.ChromeDriver
Command: [006f3e462f8a516ccd414c91db2ea22b, findElement {using=xpath, value=//*[@id="menu"]/div[2]/ul/li[6]/a}]
Capabilities {acceptInsecureCerts: false, browserName: chrome, browserVersion: 100.0.4896.75, chrome: {chromedriverVersion: 99.0.4844.51 (d537ec02474b5..., userDataDir: C:\Users\vishnu\AppData\Loc...}, goog:chromeOptions: {debuggerAddress: localhost:61338}, javascriptEnabled: true, networkConnectionEnabled: false, pageLoadStrategy: normal, platform: WINDOWS, platformName: WINDOWS, proxy: Proxy(), se:cdp: ws://localhost:61338/devtoo..., se:cdpVersion: 100.0.4896.75, setWindowRect: true, strictFileInteractability: false, timeouts: {implicit: 0, pageLoad: 300000, script: 30000}, unhandledPromptBehavior: dismiss and notify, webauthn:extension:credBlob: true, webauthn:extension:largeBlob: true, webauthn:virtualAuthenticators: true}
Session ID: 006f3e462f8a516ccd414c91db2ea22b]]>
            </message>
            <full-stacktrace>
              <![CDATA[org.openqa.selenium.UnhandledAlertException: unexpected alert open: {Alert text : SyntaxError: Unexpected token < in JSON at position 0
parsererror
<b>Warning</b>: unlink(/home/ocdemo/storage/cache/cache.catalog.language.1649881751): No such file or directory in <b>/home/ocdemo/public_html/system/library/cache/file.php</b> on line <b>68</b>{"success":"Success: You have added <a href=\"https:\/\/demo.opencart.com\/index.php?route=product\/product&amp;product_id=49\">Samsung Galaxy Tab 10.1<\/a> to your <a href=\"https:\/\/demo.opencart.com\/index.php?route=checkout\/cart\">shopping cart<\/a>!","total":"68668195 item(s) - $6,881,825,358.45"}}
  (Session info: chrome=100.0.4896.75): SyntaxError: Unexpected token < in JSON at position 0
parsererror
<b>Warning</b>: unlink(/home/ocdemo/storage/cache/cache.catalog.language.1649881751): No such file or directory in <b>/home/ocdemo/public_html/system/library/cache/file.php</b> on line <b>68</b>{"success":"Success: You have added <a href=\"https:\/\/demo.opencart.com\/index.php?route=product\/product&amp;product_id=49\">Samsung Galaxy Tab 10.1<\/a> to your <a href=\"https:\/\/demo.opencart.com\/index.php?route=checkout\/cart\">shopping cart<\/a>!","total":"68668195 item(s) - $6,881,825,358.45"}
Build info: version: '4.1.0', revision: '87802e897b'
System info: host: 'DESKTOP-8QEQOGV', ip: '192.168.1.8', os.name: 'Windows 10', os.arch: 'amd64', os.version: '10.0', java.version: '17.0.1'
Driver info: org.openqa.selenium.chrome.ChromeDriver
Command: [006f3e462f8a516ccd414c91db2ea22b, findElement {using=xpath, value=//*[@id="menu"]/div[2]/ul/li[6]/a}]
Capabilities {acceptInsecureCerts: false, browserName: chrome, browserVersion: 100.0.4896.75, chrome: {chromedriverVersion: 99.0.4844.51 (d537ec02474b5..., userDataDir: C:\Users\vishnu\AppData\Loc...}, goog:chromeOptions: {debuggerAddress: localhost:61338}, javascriptEnabled: true, networkConnectionEnabled: false, pageLoadStrategy: normal, platform: WINDOWS, platformName: WINDOWS, proxy: Proxy(), se:cdp: ws://localhost:61338/devtoo..., se:cdpVersion: 100.0.4896.75, setWindowRect: true, strictFileInteractability: false, timeouts: {implicit: 0, pageLoad: 300000, script: 30000}, unhandledPromptBehavior: dismiss and notify, webauthn:extension:credBlob: true, webauthn:extension:largeBlob: true, webauthn:virtualAuthenticators: true}
Session ID: 006f3e462f8a516ccd414c91db2ea22b
at org.openqa.selenium.remote.codec.w3c.W3CHttpResponseCodec.decode(W3CHttpResponseCodec.java:131)
at org.openqa.selenium.remote.codec.w3c.W3CHttpResponseCodec.decode(W3CHttpResponseCodec.java:53)
at org.openqa.selenium.remote.HttpCommandExecutor.execute(HttpCommandExecutor.java:184)
at org.openqa.selenium.remote.service.DriverCommandExecutor.invokeExecute(DriverCommandExecutor.java:164)
at org.openqa.selenium.remote.service.DriverCommandExecutor.execute(DriverCommandExecutor.java:139)
at org.openqa.selenium.remote.RemoteWebDriver.execute(RemoteWebDriver.java:559)
at org.openqa.selenium.remote.ElementLocation$ElementFinder$2.findElement(ElementLocation.java:162)
at org.openqa.selenium.remote.ElementLocation.findElement(ElementLocation.java:60)
at org.openqa.selenium.remote.RemoteWebDriver.findElement(RemoteWebDriver.java:383)
at org.openqa.selenium.remote.RemoteWebDriver.findElement(RemoteWebDriver.java:375)
at project.OpenCart_Demo.phonesAndPDAS(OpenCart_Demo.java:329)
at java.base/jdk.internal.reflect.NativeMethodAccessorImpl.invoke0(Native Method)
at java.base/jdk.internal.reflect.NativeMethodAccessorImpl.invoke(NativeMethodAccessorImpl.java:77)
at java.base/jdk.internal.reflect.DelegatingMethodAccessorImpl.invoke(DelegatingMethodAccessorImpl.java:43)
at java.base/java.lang.reflect.Method.invoke(Method.java:568)
at org.testng.internal.MethodInvocationHelper.invokeMethod(MethodInvocationHelper.java:133)
at org.testng.internal.TestInvoker.invokeMethod(TestInvoker.java:598)
at org.testng.internal.TestInvoker.invokeTestMethod(TestInvoker.java:173)
at org.testng.internal.MethodRunner.runInSequence(MethodRunner.java:46)
at org.testng.internal.TestInvoker$MethodInvocationAgent.invoke(TestInvoker.java:824)
at org.testng.internal.TestInvoker.invokeTestMethods(TestInvoker.java:146)
at org.testng.internal.TestMethodWorker.invokeTestMethods(TestMethodWorker.java:146)
at org.testng.internal.TestMethodWorker.run(TestMethodWorker.java:128)
at java.base/java.util.ArrayList.forEach(ArrayList.java:1511)
at org.testng.TestRunner.privateRun(TestRunner.java:794)
at org.testng.TestRunner.run(TestRunner.java:596)
at org.testng.SuiteRunner.runTest(SuiteRunner.java:377)
at org.testng.SuiteRunner.runSequentially(SuiteRunner.java:371)
at org.testng.SuiteRunner.privateRun(SuiteRunner.java:332)
at org.testng.SuiteRunner.run(SuiteRunner.java:276)
at org.testng.SuiteRunnerWorker.runSuite(SuiteRunnerWorker.java:53)
at org.testng.SuiteRunnerWorker.run(SuiteRunnerWorker.java:96)
at org.testng.TestNG.runSuitesSequentially(TestNG.java:1212)
at org.testng.TestNG.runSuitesLocally(TestNG.java:1134)
at org.testng.TestNG.runSuites(TestNG.java:1063)
at org.testng.TestNG.run(TestNG.java:1031)
at org.testng.remote.AbstractRemoteTestNG.run(AbstractRemoteTestNG.java:115)
at org.testng.remote.RemoteTestNG.initAndRun(RemoteTestNG.java:251)
at org.testng.remote.RemoteTestNG.main(RemoteTestNG.java:77)
]]>
            </full-stacktrace>
          </exception> <!-- org.openqa.selenium.UnhandledAlertException -->
          <reporter-output>
          </reporter-output>
        </test-method> <!-- phonesAndPDAS -->
        <test-method signature="cameras()[pri:10, instance:project.OpenCart_Demo@1de76cc7]" started-at="2022-04-14T00:59:12 IST" name="cameras" finished-at="2022-04-14T00:59:39 IST" duration-ms="27212" status="PASS">
          <reporter-output>
          </reporter-output>
        </test-method> <!-- cameras -->
        <test-method signature="mp3Players()[pri:11, instance:project.OpenCart_Demo@1de76cc7]" started-at="2022-04-14T00:59:39 IST" name="mp3Players" finished-at="2022-04-14T01:00:01 IST" duration-ms="21550" status="PASS">
          <reporter-output>
          </reporter-output>
        </test-method> <!-- mp3Players -->
        <test-method signature="search()[pri:12, instance:project.OpenCart_Demo@1de76cc7]" started-at="2022-04-14T01:00:01 IST" name="search" finished-at="2022-04-14T01:00:12 IST" duration-ms="11877" status="PASS">
          <reporter-output>
          </reporter-output>
        </test-method> <!-- search -->
        <test-method signature="carts()[pri:13, instance:project.OpenCart_Demo@1de76cc7]" started-at="2022-04-14T01:00:12 IST" name="carts" finished-at="2022-04-14T01:00:31 IST" duration-ms="18049" status="PASS">
          <reporter-output>
          </reporter-output>
        </test-method> <!-- carts -->
        <test-method is-config="true" signature="afterTest()[pri:0, instance:project.OpenCart_Demo@1de76cc7]" started-at="2022-04-14T01:00:31 IST" name="afterTest" finished-at="2022-04-14T01:00:31 IST" duration-ms="301" status="PASS">
          <reporter-output>
          </reporter-output>
        </test-method> <!-- afterTest -->
      </class> <!-- project.OpenCart_Demo -->
    </test> <!-- Default test -->
  </suite> <!-- Default suite -->
</testng-results>
